┌ Info: FeasibilityResidual - Nonlinear least-squares defined from constraints of another problem
│   Problem name: LadyBug-49-7776-feasres
│   Total variables………23769   Total constraints…0     
│     free………………………………23769     linear…………………………0     
│     lower……………………………0         nonlinear…………………0     
│     upper……………………………0         equality……………………0     
│     low/upp………………………0         lower……………………………0     
│     fixed……………………………0         upper……………………………0     
│     nnzh………………………………282494565    low/upp………………………0     
│                               nnzj………………………………0     
│   Total residuals………63686 
│     linear…………………………0     
│     nonlinear…………………63686 
│     nnzj………………………………764232
│     nnzh………………………………282494565
│ 
│   Counters:
│     obj……………………………………0         grad…………………………………0         cons…………………………………0         jcon…………………………………0     
│     jgrad………………………………0         jac……………………………………0         jprod………………………………0         jtprod……………………………0     
│     hess…………………………………0         hprod………………………………0         jhprod……………………………0         residual………………………0     
│     jac_residual……………0         jprod_residual………0         jtprod_residual……0         hess_residual…………0     
└     jhess_residual………0         hprod_residual………0     
┌ Info: Parameters of the solver:
│   facto = :LDL
│   perm = :AMD
│   normalize = :None
│   linesearch = false
│   νd = 3.0f0
│   νm = 3.0f0
│   λ = 30.0f0
└   ite_max = 200
┌ Info: Tolerances:
│   restol = 0.0049215667f0
│   satol = 0.0001
│   srtol = 0.0001
│   oatol = 0.0001
│   ortol = 0.001
│   atol = 0.0001
└   rtol = 0.001
[ Info:   iter      f(x)        Δf     ‖Jᵀr‖         λ       ‖δ‖         ρ           status  
[ Info:      1   8.5e+05   0.0e+00   2.4e+07   4.2e+02   2.1e+00   1.0e+00              acc
[ Info:      2   2.1e+04   8.3e+05   5.4e+05   4.6e+01   5.1e+00   9.9e-01              acc
[ Info:      3   1.7e+04   3.3e+03   9.0e+04   5.2e+00   1.3e+01   6.7e-01              acc
[ Info:      4   1.6e+04   1.0e+03   5.2e+07   1.7e+00   1.7e+01   7.2e-01              acc
[ Info:      5   1.5e+04   8.6e+02   1.6e+06   5.7e-01   2.9e+01   7.7e-01              acc
[ Info:      6   1.5e+04   7.0e+02   1.1e+06   1.9e-01   4.3e+01  -6.9e+03              rej
[ Info:      7   1.5e+04   7.0e+02   1.1e+06   5.7e-01   1.9e+01  -4.6e+11              rej
[ Info:      8   1.5e+04   7.0e+02   1.1e+06   1.7e+00   7.6e+00  -7.6e+01              rej
[ Info:      9   1.5e+04   7.0e+02   1.1e+06   5.2e+00   2.7e+00  -4.8e+01              rej
[ Info:     10   1.5e+04   7.0e+02   1.1e+06   1.5e+01   9.8e-01  -1.7e+01              rej
[ Info:     11   1.5e+04   7.0e+02   1.1e+06   4.6e+01   3.6e-01  -7.6e+00              rej
[ Info:     12   1.5e+04   7.0e+02   1.1e+06   1.4e+02   1.4e-01  -4.4e+00              rej
[ Info:     13   1.5e+04   7.0e+02   1.1e+06   4.2e+02   6.9e-02  -2.5e+00              rej
[ Info:     14   1.5e+04   7.0e+02   1.1e+06   1.3e+03   3.8e-02  -1.1e+00              rej
[ Info:     15   1.5e+04   7.0e+02   1.1e+06   3.8e+03   2.3e-02  -1.3e-01              rej
[ Info:     16   1.5e+04   7.0e+02   1.1e+06   1.1e+04   1.6e-02   4.9e-01              acc
┌ Info: Generic Execution stats
│   status: step too small
│   objective value: 14512.848
│   primal feasibility: 0.0
│   dual feasibility: 1.853241e6
│   solution: [-0.5636449f0  0.5479f0  -2.0337088f0  1.445485f0 ⋯ 404.38602]
│   iterations: 16
└   elapsed time: 21.51154589653015
┌ Info: FeasibilityResidual - Nonlinear least-squares defined from constraints of another problem
│   Problem name: LadyBug-49-7776-feasres
│   Total variables………23769   Total constraints…0     
│     free………………………………23769     linear…………………………0     
│     lower……………………………0         nonlinear…………………0     
│     upper……………………………0         equality……………………0     
│     low/upp………………………0         lower……………………………0     
│     fixed……………………………0         upper……………………………0     
│     nnzh………………………………282494565    low/upp………………………0     
│                               nnzj………………………………0     
│   Total residuals………63686 
│     linear…………………………0     
│     nonlinear…………………63686 
│     nnzj………………………………764232
│     nnzh………………………………282494565
│ 
│   Counters:
│     obj……………………………………0         grad…………………………………0         cons…………………………………0         jcon…………………………………0     
│     jgrad………………………………0         jac……………………………………0         jprod………………………………0         jtprod……………………………0     
│     hess…………………………………0         hprod………………………………0         jhprod……………………………0         residual………………………17    
│     jac_residual……………7         jprod_residual………0         jtprod_residual……0         hess_residual…………0     
└     jhess_residual………0         hprod_residual………0     
┌ Info: Parameters of the solver:
│   facto = :LDL
│   perm = :AMD
│   normalize = :None
│   linesearch = false
│   νd = 3.0
│   νm = 3.0
│   λ = 30.0
└   ite_max = 200
┌ Info: Tolerances:
│   restol = 6.055454452393343e-6
│   satol = 1.4901161193847656e-8
│   srtol = 1.4901161193847656e-8
│   oatol = 1.4901161193847656e-8
│   ortol = 6.055454452393343e-6
│   atol = 1.4901161193847656e-8
└   rtol = 6.055454452393343e-6
[ Info:   iter      f(x)        Δf     ‖Jᵀr‖         λ       ‖δ‖         ρ           status  
[ Info:      1   1.5e+04   0.0e+00   1.9e+06   5.4e+03   9.7e-03   9.3e-01              acc
[ Info:      2   1.4e+04   8.9e+01   3.4e+05   6.0e+02   4.3e-02   9.2e-01              acc
[ Info:      3   1.4e+04   6.9e+00   1.8e+05   6.7e+01   2.5e-01   9.4e-01              acc
[ Info:      4   1.4e+04   5.1e+00   1.5e+05   7.4e+00   1.9e+00   1.0e+00              acc
[ Info:      5   1.4e+04   2.9e+01   1.7e+04   8.2e-01   1.4e+01   9.5e-01              acc
[ Info:      6   1.4e+04   1.7e+02   3.0e+05   9.1e-02   5.8e+01  -1.1e+00              rej
[ Info:      7   1.4e+04   1.7e+02   3.0e+05   2.7e-01   2.8e+01   7.2e-01              acc
[ Info:      8   1.4e+04   1.9e+02   1.3e+06   9.1e-02   4.6e+01   4.3e-01              acc
[ Info:      9   1.4e+04   1.4e+02   2.0e+06   3.0e-02   6.1e+01   9.3e-02              acc
[ Info:     10   1.4e+04   3.2e+01   5.3e+06   1.0e-02   7.1e+01  -1.2e-01              rej
[ Info:     11   1.4e+04   3.2e+01   5.3e+06   4.2e-02   2.7e+01   8.5e-01              acc
[ Info:     12   1.4e+04   2.9e+02   2.0e+06   1.4e-02   4.5e+01   5.5e-01              acc
[ Info:     13   1.4e+04   4.7e+01   7.0e+05   4.7e-03   6.8e+01   1.2e-01              acc
[ Info:     14   1.4e+04   7.6e+00   5.5e+06   1.6e-03   1.0e+02   6.2e-01              acc
[ Info:     15   1.3e+04   4.5e+01   3.0e+06   5.2e-04   1.7e+02   7.4e-01              acc
[ Info:     16   1.3e+04   3.1e+01   3.4e+06   1.7e-04   3.5e+02  -3.9e+00              rej
[ Info:     17   1.3e+04   3.1e+01   3.4e+06   8.5e-03   1.5e+01   7.3e-01              acc
[ Info:     18   1.3e+04   1.1e+01   3.9e+06   2.8e-03   4.0e+01   1.1e+00              acc
[ Info:     19   1.3e+04   1.1e+01   8.3e+05   3.2e-04   2.1e+02  -8.1e+00              rej
[ Info:     20   1.3e+04   1.1e+01   8.3e+05   1.4e-02   1.3e+01   1.2e+00              acc
[ Info:     21   1.3e+04   4.7e+00   3.5e+04   1.6e-03   4.9e+01   8.2e-01              acc
[ Info:     22   1.3e+04   4.5e+00   3.7e+05   5.4e-04   1.2e+02   1.1e+00              acc
[ Info:     23   1.3e+04   1.1e+01   8.8e+05   5.9e-05   6.2e+02  -3.5e+04              rej
[ Info:     24   1.3e+04   1.1e+01   8.8e+05   4.8e-03   2.0e+01   1.0e+00              acc
[ Info:     25   1.3e+04   3.5e+00   4.8e+05   5.4e-04   1.3e+02  -1.4e+00              rej
[ Info:     26   1.3e+04   3.5e+00   4.8e+05   2.2e-02   5.5e+00   1.0e+00              acc
[ Info:     27   1.3e+04   1.0e+00   4.7e+04   2.5e-03   4.3e+01   1.3e+00              acc
[ Info:     28   1.3e+04   6.6e+00   2.1e+05   2.8e-04   1.7e+02  -1.4e+02              rej
[ Info:     29   1.3e+04   6.6e+00   2.1e+05   1.8e-02   9.5e+00   1.1e+00              acc
[ Info:     30   1.3e+04   2.0e+00   1.1e+05   2.0e-03   4.3e+01   1.1e+00              acc
[ Info:     31   1.3e+04   6.6e+00   1.4e+05   2.2e-04   1.9e+02  -9.7e+01              rej
[ Info:     32   1.3e+04   6.6e+00   1.4e+05   1.6e-02   3.3e+00   9.9e-01              acc
[ Info:     33   1.3e+04   5.0e-01   3.8e+04   1.8e-03   2.6e+01   9.2e-01              acc
[ Info:     34   1.3e+04   1.1e+00   2.1e+05   2.0e-04   1.9e+02  -1.2e+02              rej
[ Info:     35   1.3e+04   1.1e+00   2.1e+05   1.6e-02   2.8e+00   1.0e+00              acc
[ Info:     36   1.3e+04   1.9e-01   4.8e+02   1.8e-03   2.4e+01   9.4e-01              acc
[ Info:     37   1.3e+04   9.6e-01   1.5e+05   1.9e-04   1.8e+02  -1.3e+02              rej
[ Info:     38   1.3e+04   9.6e-01   1.5e+05   1.6e-02   2.5e+00   1.0e+00              acc
[ Info:     39   1.3e+04   1.4e-01   1.3e+03   1.8e-03   2.1e+01   9.5e-01              acc
[ Info:     40   1.3e+04   8.1e-01   1.4e+05   2.0e-04   1.7e+02  -1.1e+02              rej
[ Info:     41   1.3e+04   8.1e-01   1.4e+05   1.8e-02   2.1e+00   1.0e+00              acc
[ Info:     42   1.3e+04   1.1e-01   6.7e+02   2.0e-03   1.8e+01   9.6e-01              acc
[ Info:     43   1.3e+04   6.5e-01   1.2e+05   2.2e-04   1.4e+02  -7.1e+01              rej
[ Info:     44   1.3e+04   6.5e-01   1.2e+05   2.1e-02   1.7e+00   1.0e+00              acc
[ Info:     45   1.3e+04   8.1e-02   6.0e+02   2.3e-03   1.5e+01   9.7e-01              acc
[ Info:     46   1.3e+04   5.2e-01   9.5e+04   2.6e-04   1.2e+02  -4.0e+01              rej
[ Info:     47   1.3e+04   5.2e-01   9.5e+04   2.5e-02   1.4e+00   1.0e+00              acc
┌ Info: Generic Execution stats
│   status: solved to within acceptable tolerances
│   objective value: 13362.75079709716
│   primal feasibility: 0.0
│   dual feasibility: 375.1329972309211
│   solution: [-0.2947436383971014  0.2073289280959998  -3.0587668229619815  0.016434373754991162 ⋯ 404.12906658384077]
│   iterations: 47
└   elapsed time: 34.108152866363525
┌ Info: FeasibilityResidual - Nonlinear least-squares defined from constraints of another problem
│   Problem name: LadyBug-73-11032-feasres
│   Total variables………33753   Total constraints…0     
│     free………………………………33753     linear…………………………0     
│     lower……………………………0         nonlinear…………………0     
│     upper……………………………0         equality……………………0     
│     low/upp………………………0         lower……………………………0     
│     fixed……………………………0         upper……………………………0     
│     nnzh………………………………569649381    low/upp………………………0     
│                               nnzj………………………………0     
│   Total residuals………92244 
│     linear…………………………0     
│     nonlinear…………………92244 
│     nnzj………………………………1106928
│     nnzh………………………………569649381
│ 
│   Counters:
│     obj……………………………………0         grad…………………………………0         cons…………………………………0         jcon…………………………………0     
│     jgrad………………………………0         jac……………………………………0         jprod………………………………0         jtprod……………………………0     
│     hess…………………………………0         hprod………………………………0         jhprod……………………………0         residual………………………0     
│     jac_residual……………0         jprod_residual………0         jtprod_residual……0         hess_residual…………0     
└     jhess_residual………0         hprod_residual………0     
┌ Info: Parameters of the solver:
│   facto = :LDL
│   perm = :AMD
│   normalize = :None
│   linesearch = false
│   νd = 3.0f0
│   νm = 3.0f0
│   λ = 30.0f0
└   ite_max = 200
┌ Info: Tolerances:
│   restol = 0.0049215667f0
│   satol = 0.0001
│   srtol = 0.0001
│   oatol = 0.0001
│   ortol = 0.001
│   atol = 0.0001
└   rtol = 0.001
[ Info:   iter      f(x)        Δf     ‖Jᵀr‖         λ       ‖δ‖         ρ           status  
[ Info:      1   9.6e+05   0.0e+00   3.4e+07   2.9e+02   1.9e+00   1.0e+00              acc
[ Info:      2   2.0e+04   9.4e+05   1.2e+06   3.3e+01   3.1e+00   9.9e-01              acc
[ Info:      3   1.7e+04   3.0e+03   9.1e+04   3.6e+00   3.9e+00   9.7e-01              acc
[ Info:      4   1.7e+04   2.0e+02   8.3e+04   4.0e-01   1.1e+01  -7.0e-01              rej
[ Info:      5   1.7e+04   2.0e+02   8.3e+04   1.2e+00   5.4e+00   9.3e-01              acc
[ Info:      6   1.7e+04   5.5e+01   1.0e+05   1.3e-01   1.8e+01  -3.2e+01              rej
[ Info:      7   1.7e+04   5.5e+01   1.0e+05   4.0e-01   9.0e+00  -2.1e+00              rej
[ Info:      8   1.7e+04   5.5e+01   1.0e+05   1.2e+00   3.9e+00   7.8e-01              acc
[ Info:      9   1.7e+04   2.1e+01   1.2e+05   4.0e-01   7.8e+00  -8.0e-01              rej
[ Info:     10   1.7e+04   2.1e+01   1.2e+05   1.2e+00   3.2e+00   5.5e-01              acc
┌ Info: Generic Execution stats
│   status: solved to within acceptable tolerances
│   objective value: 17190.342
│   primal feasibility: 0.0
│   dual feasibility: 237958.0
│   solution: [1.7647758f0  1.0154661f0  -7.2080407f0  -0.37469202f0 ⋯ 385.35065]
│   iterations: 10
└   elapsed time: 10.689146995544434
┌ Info: FeasibilityResidual - Nonlinear least-squares defined from constraints of another problem
│   Problem name: LadyBug-73-11032-feasres
│   Total variables………33753   Total constraints…0     
│     free………………………………33753     linear…………………………0     
│     lower……………………………0         nonlinear…………………0     
│     upper……………………………0         equality……………………0     
│     low/upp………………………0         lower……………………………0     
│     fixed……………………………0         upper……………………………0     
│     nnzh………………………………569649381    low/upp………………………0     
│                               nnzj………………………………0     
│   Total residuals………92244 
│     linear…………………………0     
│     nonlinear…………………92244 
│     nnzj………………………………1106928
│     nnzh………………………………569649381
│ 
│   Counters:
│     obj……………………………………0         grad…………………………………0         cons…………………………………0         jcon…………………………………0     
│     jgrad………………………………0         jac……………………………………0         jprod………………………………0         jtprod……………………………0     
│     hess…………………………………0         hprod………………………………0         jhprod……………………………0         residual………………………11    
│     jac_residual……………7         jprod_residual………0         jtprod_residual……0         hess_residual…………0     
└     jhess_residual………0         hprod_residual………0     
┌ Info: Parameters of the solver:
│   facto = :LDL
│   perm = :AMD
│   normalize = :None
│   linesearch = false
│   νd = 3.0
│   νm = 3.0
│   λ = 30.0
└   ite_max = 200
┌ Info: Tolerances:
│   restol = 6.055454452393343e-6
│   satol = 1.4901161193847656e-8
│   srtol = 1.4901161193847656e-8
│   oatol = 1.4901161193847656e-8
│   ortol = 6.055454452393343e-6
│   atol = 1.4901161193847656e-8
└   rtol = 6.055454452393343e-6
[ Info:   iter      f(x)        Δf     ‖Jᵀr‖         λ       ‖δ‖         ρ           status  
[ Info:      1   1.7e+04   0.0e+00   2.4e+05   4.2e+04   9.5e-04   1.0e+00              acc
[ Info:      2   1.7e+04   8.7e+00   2.5e+03   4.7e+03   1.0e-03   1.0e+00              acc
┌ Info: Generic Execution stats
│   status: solved to within acceptable tolerances
│   objective value: 17181.66349831942
│   primal feasibility: 0.0
│   dual feasibility: 34.6250698807367
│   solution: [1.7647767852942802  1.015468394158016  -7.2080369764447285  -0.37469308625135905 ⋯ 385.35084072822093]
│   iterations: 2
└   elapsed time: 3.7971010208129883
┌ Info: FeasibilityResidual - Nonlinear least-squares defined from constraints of another problem
│   Problem name: LadyBug-318-41628-feasres
│   Total variables………127746  Total constraints…0     
│     free………………………………127746    linear…………………………0     
│     lower……………………………0         nonlinear…………………0     
│     upper……………………………0         equality……………………0     
│     low/upp………………………0         lower……………………………0     
│     fixed……………………………0         upper……………………………0     
│     nnzh………………………………8159584131    low/upp………………………0     
│                               nnzj………………………………0     
│   Total residuals………359838
│     linear…………………………0     
│     nonlinear…………………359838
│     nnzj………………………………4318056
│     nnzh………………………………8159584131
│ 
│   Counters:
│     obj……………………………………0         grad…………………………………0         cons…………………………………0         jcon…………………………………0     
│     jgrad………………………………0         jac……………………………………0         jprod………………………………0         jtprod……………………………0     
│     hess…………………………………0         hprod………………………………0         jhprod……………………………0         residual………………………0     
│     jac_residual……………0         jprod_residual………0         jtprod_residual……0         hess_residual…………0     
└     jhess_residual………0         hprod_residual………0     
┌ Info: Parameters of the solver:
│   facto = :LDL
│   perm = :AMD
│   normalize = :None
│   linesearch = false
│   νd = 3.0f0
│   νm = 3.0f0
│   λ = 30.0f0
└   ite_max = 200
┌ Info: Tolerances:
│   restol = 0.0049215667f0
│   satol = 0.0001
│   srtol = 0.0001
│   oatol = 0.0001
│   ortol = 0.001
│   atol = 0.0001
└   rtol = 0.001
[ Info:   iter      f(x)        Δf     ‖Jᵀr‖         λ       ‖δ‖         ρ           status  
[ Info:      1   2.5e+06   0.0e+00   4.0e+09   3.0e+01   1.9e+00   1.0e+00              acc
[ Info:      2   8.7e+04   2.4e+06   4.9e+07   3.3e+00   3.5e+00   2.0e-01              acc
┌ Info: Generic Execution stats
│   status: solved to within acceptable tolerances
│   objective value: 86740.47
│   primal feasibility: 0.0
│   dual feasibility: 2.7242598e7
│   solution: [1.6198382f0  0.92650723f0  -6.7966275f0  -0.35532922f0 ⋯ 406.37598]
│   iterations: 2
└   elapsed time: 29.803996086120605
┌ Info: FeasibilityResidual - Nonlinear least-squares defined from constraints of another problem
│   Problem name: LadyBug-318-41628-feasres
│   Total variables………127746  Total constraints…0     
│     free………………………………127746    linear…………………………0     
│     lower……………………………0         nonlinear…………………0     
│     upper……………………………0         equality……………………0     
│     low/upp………………………0         lower……………………………0     
│     fixed……………………………0         upper……………………………0     
│     nnzh………………………………8159584131    low/upp………………………0     
│                               nnzj………………………………0     
│   Total residuals………359838
│     linear…………………………0     
│     nonlinear…………………359838
│     nnzj………………………………4318056
│     nnzh………………………………8159584131
│ 
│   Counters:
│     obj……………………………………0         grad…………………………………0         cons…………………………………0         jcon…………………………………0     
│     jgrad………………………………0         jac……………………………………0         jprod………………………………0         jtprod……………………………0     
│     hess…………………………………0         hprod………………………………0         jhprod……………………………0         residual………………………3     
│     jac_residual……………3         jprod_residual………0         jtprod_residual……0         hess_residual…………0     
└     jhess_residual………0         hprod_residual………0     
┌ Info: Parameters of the solver:
│   facto = :LDL
│   perm = :AMD
│   normalize = :None
│   linesearch = false
│   νd = 3.0
│   νm = 3.0
│   λ = 30.0
└   ite_max = 200
┌ Info: Tolerances:
│   restol = 6.055454452393343e-6
│   satol = 1.4901161193847656e-8
│   srtol = 1.4901161193847656e-8
│   oatol = 1.4901161193847656e-8
│   ortol = 6.055454452393343e-6
│   atol = 1.4901161193847656e-8
└   rtol = 6.055454452393343e-6
[ Info:   iter      f(x)        Δf     ‖Jᵀr‖         λ       ‖δ‖         ρ           status  
[ Info:      1   8.7e+04   0.0e+00   2.7e+07   3.7e+02   4.1e-02  -1.3e+01              rej
[ Info:      2   8.7e+04   0.0e+00   2.7e+07   1.1e+03   2.0e-02  -2.0e+01              rej
[ Info:      3   8.7e+04   0.0e+00   2.7e+07   3.3e+03   1.2e-02  -4.8e+01              rej
[ Info:      4   8.7e+04   0.0e+00   2.7e+07   1.0e+04   7.6e-03  -5.2e+02              rej
[ Info:      5   8.7e+04   0.0e+00   2.7e+07   3.0e+04   5.0e-03  -1.1e+02              rej
[ Info:      6   8.7e+04   0.0e+00   2.7e+07   9.0e+04   3.1e-03  -9.9e+00              rej
[ Info:      7   8.7e+04   0.0e+00   2.7e+07   2.7e+05   1.7e-03  -1.2e+00              rej
[ Info:      8   8.7e+04   0.0e+00   2.7e+07   8.1e+05   9.8e-04   5.0e-01              acc
[ Info:      9   8.7e+04   1.6e+02   3.7e+07   2.7e+05   1.3e-03   8.3e-01              acc
[ Info:     10   8.6e+04   1.3e+02   8.8e+06   9.0e+04   2.0e-03   9.9e-01              acc
[ Info:     11   8.6e+04   2.7e+01   1.2e+06   1.0e+04   5.1e-03   9.9e-01              acc
[ Info:     12   8.6e+04   9.8e-01   7.8e+05   1.1e+03   1.6e-02   1.1e+00              acc
[ Info:     13   8.6e+04   6.1e-01   6.8e+04   1.2e+02   9.8e-02   1.0e+00              acc
[ Info:     14   8.6e+04   1.3e+00   1.5e+04   1.4e+01   7.3e-01   1.0e+00              acc
[ Info:     15   8.6e+04   7.9e+00   2.6e+03   1.5e+00   4.1e+00   9.9e-01              acc
[ Info:     16   8.6e+04   3.1e+01   1.3e+04   1.7e-01   1.2e+01  -5.3e-01              rej
[ Info:     17   8.6e+04   3.1e+01   1.3e+04   5.1e-01   6.2e+00   9.2e-01              acc
[ Info:     18   8.6e+04   2.5e+01   5.0e+04   5.6e-02   1.6e+01   9.8e-01              acc
[ Info:     19   8.6e+04   2.7e+01   3.1e+05   6.2e-03   2.8e+01  -1.7e+00              rej
[ Info:     20   8.6e+04   2.7e+01   3.1e+05   1.1e-01   5.5e+00   9.4e-01              acc
[ Info:     21   8.6e+04   3.9e+00   1.2e+05   1.2e-02   1.9e+01  -1.9e-01              rej
[ Info:     22   8.6e+04   3.9e+00   1.2e+05   1.6e-01   3.1e+00   1.0e+00              acc
[ Info:     23   8.6e+04   1.9e+00   1.6e+04   1.8e-02   1.4e+01   6.0e-01              acc
[ Info:     24   8.6e+04   2.9e+00   6.7e+05   5.8e-03   1.7e+01  -4.9e+02              rej
[ Info:     25   8.6e+04   2.9e+00   6.7e+05   1.8e-01   1.4e+00   8.4e-01              acc
[ Info:     26   8.6e+04   1.9e+00   4.6e+04   5.9e-02   3.2e+00   1.0e+00              acc
[ Info:     27   8.6e+04   9.8e-01   2.8e+04   6.5e-03   1.4e+01   9.8e-01              acc
[ Info:     28   8.6e+04   1.8e+00   4.8e+05   7.2e-04   2.2e+01  -9.3e+02              rej
[ Info:     29   8.6e+04   1.8e+00   4.8e+05   1.4e-01   6.9e-01   8.9e-01              acc
┌ Info: Generic Execution stats
│   status: solved to within acceptable tolerances
│   objective value: 86307.30759467112
│   primal feasibility: 0.0
│   dual feasibility: 4987.67315101615
│   solution: [1.6263767897033115  0.9291429369799216  -6.795959923035264  -0.35429593530269676 ⋯ 409.6353248393535]
│   iterations: 29
└   elapsed time: 315.4054081439972
┌ Info: FeasibilityResidual - Nonlinear least-squares defined from constraints of another problem
│   Problem name: LadyBug-460-56811-feasres
│   Total variables………174573  Total constraints…0     
│     free………………………………174573    linear…………………………0     
│     lower……………………………0         nonlinear…………………0     
│     upper……………………………0         equality……………………0     
│     low/upp………………………0         lower……………………………0     
│     fixed……………………………0         upper……………………………0     
│     nnzh………………………………15237953451    low/upp………………………0     
│                               nnzj………………………………0     
│   Total residuals………483754
│     linear…………………………0     
│     nonlinear…………………483754
│     nnzj………………………………5805048
│     nnzh………………………………15237953451
│ 
│   Counters:
│     obj……………………………………0         grad…………………………………0         cons…………………………………0         jcon…………………………………0     
│     jgrad………………………………0         jac……………………………………0         jprod………………………………0         jtprod……………………………0     
│     hess…………………………………0         hprod………………………………0         jhprod……………………………0         residual………………………0     
│     jac_residual……………0         jprod_residual………0         jtprod_residual……0         hess_residual…………0     
└     jhess_residual………0         hprod_residual………0     
┌ Info: Parameters of the solver:
│   facto = :LDL
│   perm = :AMD
│   normalize = :None
│   linesearch = false
│   νd = 3.0f0
│   νm = 3.0f0
│   λ = 30.0f0
└   ite_max = 200
┌ Info: Tolerances:
│   restol = 0.0049215667f0
│   satol = 0.0001
│   srtol = 0.0001
│   oatol = 0.0001
│   ortol = 0.001
│   atol = 0.0001
└   rtol = 0.001
[ Info:   iter      f(x)        Δf     ‖Jᵀr‖         λ       ‖δ‖         ρ           status  
[ Info:      1   4.7e+06   0.0e+00   1.1e+08   9.3e+01   3.8e+00   1.0e+00              acc
[ Info:      2   1.4e+05   4.5e+06   1.3e+07   1.0e+01   6.8e+00   9.7e-01              acc
[ Info:      3   1.3e+05   1.3e+04   6.4e+07   1.1e+00   1.9e+01  -2.3e+00              rej
[ Info:      4   1.3e+05   1.3e+04   6.4e+07   3.4e+00   9.5e+00   4.5e-01              acc
[ Info:      5   1.3e+05   4.0e+02   5.3e+07   1.1e+00   1.5e+01  -2.5e+01              rej
[ Info:      6   1.3e+05   4.0e+02   5.3e+07   3.4e+00   6.9e+00  -5.9e+00              rej
[ Info:      7   1.3e+05   4.0e+02   5.3e+07   1.0e+01   2.9e+00   6.8e-01              acc
[ Info:      8   1.3e+05   4.4e+02   2.6e+07   3.4e+00   6.5e+00  -1.8e+00              rej
[ Info:      9   1.3e+05   4.4e+02   2.6e+07   1.0e+01   2.6e+00   8.9e-01              acc
[ Info:     10   1.3e+05   2.8e+02   1.6e+07   3.4e+00   6.0e+00  -1.6e+02              rej
[ Info:     11   1.3e+05   2.8e+02   1.6e+07   1.0e+01   2.4e+00  -1.1e+02              rej
[ Info:     12   1.3e+05   2.8e+02   1.6e+07   3.1e+01   8.8e-01  -2.0e+01              rej
[ Info:     13   1.3e+05   2.8e+02   1.6e+07   9.3e+01   3.1e-01  -6.5e+00              rej
[ Info:     14   1.3e+05   2.8e+02   1.6e+07   2.8e+02   1.1e-01  -1.8e+00              rej
[ Info:     15   1.3e+05   2.8e+02   1.6e+07   8.4e+02   4.0e-02   2.3e-01              acc
┌ Info: Generic Execution stats
│   status: step too small
│   objective value: 129729.625
│   primal feasibility: 0.0
│   dual feasibility: 5.4583104e7
│   solution: [1.667586f0  0.9279453f0  -6.7357273f0  -0.2959984f0 ⋯ 386.78952]
│   iterations: 15
└   elapsed time: 264.6168591976166
┌ Info: FeasibilityResidual - Nonlinear least-squares defined from constraints of another problem
│   Problem name: LadyBug-460-56811-feasres
│   Total variables………174573  Total constraints…0     
│     free………………………………174573    linear…………………………0     
│     lower……………………………0         nonlinear…………………0     
│     upper……………………………0         equality……………………0     
│     low/upp………………………0         lower……………………………0     
│     fixed……………………………0         upper……………………………0     
│     nnzh………………………………15237953451    low/upp………………………0     
│                               nnzj………………………………0     
│   Total residuals………483754
│     linear…………………………0     
│     nonlinear…………………483754
│     nnzj………………………………5805048
│     nnzh………………………………15237953451
│ 
│   Counters:
│     obj……………………………………0         grad…………………………………0         cons…………………………………0         jcon…………………………………0     
│     jgrad………………………………0         jac……………………………………0         jprod………………………………0         jtprod……………………………0     
│     hess…………………………………0         hprod………………………………0         jhprod……………………………0         residual………………………16    
│     jac_residual……………7         jprod_residual………0         jtprod_residual……0         hess_residual…………0     
└     jhess_residual………0         hprod_residual………0     
┌ Info: Parameters of the solver:
│   facto = :LDL
│   perm = :AMD
│   normalize = :None
│   linesearch = false
│   νd = 3.0
│   νm = 3.0
│   λ = 30.0
└   ite_max = 200
┌ Info: Tolerances:
│   restol = 6.055454452393343e-6
│   satol = 1.4901161193847656e-8
│   srtol = 1.4901161193847656e-8
│   oatol = 1.4901161193847656e-8
│   ortol = 6.055454452393343e-6
│   atol = 1.4901161193847656e-8
└   rtol = 6.055454452393343e-6
[ Info:   iter      f(x)        Δf     ‖Jᵀr‖         λ       ‖δ‖         ρ           status  
[ Info:      1   1.3e+05   0.0e+00   5.4e+07   1.8e+02   1.6e-01  -2.3e-01              rej
[ Info:      2   1.3e+05   0.0e+00   5.4e+07   5.5e+02   5.7e-02  -3.6e-01              rej
[ Info:      3   1.3e+05   0.0e+00   5.4e+07   1.7e+03   2.0e-02  -4.8e-01              rej
[ Info:      4   1.3e+05   0.0e+00   5.4e+07   5.0e+03   7.8e-03  -7.0e-01              rej
[ Info:      5   1.3e+05   0.0e+00   5.4e+07   1.5e+04   3.4e-03  -1.5e+00              rej
[ Info:      6   1.3e+05   0.0e+00   5.4e+07   4.5e+04   1.4e-03  -1.3e+01              rej
[ Info:      7   1.3e+05   0.0e+00   5.4e+07   1.3e+05   5.7e-04  -1.2e+00              rej
[ Info:      8   1.3e+05   0.0e+00   5.4e+07   4.0e+05   2.2e-04   8.9e-01              acc
[ Info:      9   1.3e+05   3.1e+01   2.4e+07   1.3e+05   3.8e-04   9.8e-01              acc
[ Info:     10   1.3e+05   3.8e+00   2.8e+06   1.5e+04   2.6e-03   6.2e-01              acc
┌ Info: Generic Execution stats
│   status: solved to within acceptable tolerances
│   objective value: 129694.51540270513
│   primal feasibility: 0.0
│   dual feasibility: 5.790049613613264e6
│   solution: [1.6675856504992441  0.9279452012868549  -6.735727097550457  -0.29599851692970774 ⋯ 386.7894401187106]
│   iterations: 10
└   elapsed time: 263.11756801605225
┌ Info: FeasibilityResidual - Nonlinear least-squares defined from constraints of another problem
│   Problem name: LadyBug-810-88814-feasres
│   Total variables………273732  Total constraints…0     
│     free………………………………273732    linear…………………………0     
│     lower……………………………0         nonlinear…………………0     
│     upper……………………………0         equality……………………0     
│     low/upp………………………0         lower……………………………0     
│     fixed……………………………0         upper……………………………0     
│     nnzh………………………………37464740778    low/upp………………………0     
│                               nnzj………………………………0     
│   Total residuals………787550
│     linear…………………………0     
│     nonlinear…………………787550
│     nnzj………………………………9450600
│     nnzh………………………………37464740778
│ 
│   Counters:
│     obj……………………………………0         grad…………………………………0         cons…………………………………0         jcon…………………………………0     
│     jgrad………………………………0         jac……………………………………0         jprod………………………………0         jtprod……………………………0     
│     hess…………………………………0         hprod………………………………0         jhprod……………………………0         residual………………………0     
│     jac_residual……………0         jprod_residual………0         jtprod_residual……0         hess_residual…………0     
└     jhess_residual………0         hprod_residual………0     
┌ Info: Parameters of the solver:
│   facto = :LDL
│   perm = :AMD
│   normalize = :None
│   linesearch = false
│   νd = 3.0f0
│   νm = 3.0f0
│   λ = 30.0f0
└   ite_max = 200
┌ Info: Tolerances:
│   restol = 0.0049215667f0
│   satol = 0.0001
│   srtol = 0.0001
│   oatol = 0.0001
│   ortol = 0.001
│   atol = 0.0001
└   rtol = 0.001
[ Info:   iter      f(x)        Δf     ‖Jᵀr‖         λ       ‖δ‖         ρ           status  
[ Info:      1   1.4e+07   0.0e+00   5.7e+09   3.0e+01   2.9e+00  -1.5e+11              rej
[ Info:      2   1.4e+07   0.0e+00   5.7e+09   9.0e+01   2.4e+00  -3.0e+04              rej
[ Info:      3   1.4e+07   0.0e+00   5.7e+09   2.7e+02   2.1e+00   9.1e-01              acc
[ Info:      4   1.4e+06   1.2e+07   3.7e+10   3.0e+01   1.7e+00  -6.4e+04              rej
[ Info:      5   1.4e+06   1.2e+07   3.7e+10   9.0e+01   9.9e-01  -4.4e+10              rej
[ Info:      6   1.4e+06   1.2e+07   3.7e+10   2.7e+02   5.7e-01  -5.0e+09              rej
[ Info:      7   1.4e+06   1.2e+07   3.7e+10   8.1e+02   3.2e-01  -5.0e+03              rej
[ Info:      8   1.4e+06   1.2e+07   3.7e+10   2.4e+03   2.0e-01  -1.7e+02              rej
[ Info:      9   1.4e+06   1.2e+07   3.7e+10   7.3e+03   1.3e-01  -3.1e-01              rej
[ Info:     10   1.4e+06   1.2e+07   3.7e+10   2.2e+04   9.0e-02   7.9e-01              acc
┌ Info: Generic Execution stats
│   status: step too small
│   objective value: 458153.3
│   primal feasibility: 0.0
│   dual feasibility: 9.143902e9
│   solution: [1.410793f0  0.87987375f0  -7.8011203f0  -0.6520583f0 ⋯ 420.538]
│   iterations: 10
└   elapsed time: 411.41087889671326
┌ Info: FeasibilityResidual - Nonlinear least-squares defined from constraints of another problem
│   Problem name: LadyBug-810-88814-feasres
│   Total variables………273732  Total constraints…0     
│     free………………………………273732    linear…………………………0     
│     lower……………………………0         nonlinear…………………0     
│     upper……………………………0         equality……………………0     
│     low/upp………………………0         lower……………………………0     
│     fixed……………………………0         upper……………………………0     
│     nnzh………………………………37464740778    low/upp………………………0     
│                               nnzj………………………………0     
│   Total residuals………787550
│     linear…………………………0     
│     nonlinear…………………787550
│     nnzj………………………………9450600
│     nnzh………………………………37464740778
│ 
│   Counters:
│     obj……………………………………0         grad…………………………………0         cons…………………………………0         jcon…………………………………0     
│     jgrad………………………………0         jac……………………………………0         jprod………………………………0         jtprod……………………………0     
│     hess…………………………………0         hprod………………………………0         jhprod……………………………0         residual………………………11    
│     jac_residual……………3         jprod_residual………0         jtprod_residual……0         hess_residual…………0     
└     jhess_residual………0         hprod_residual………0     
┌ Info: Parameters of the solver:
│   facto = :LDL
│   perm = :AMD
│   normalize = :None
│   linesearch = false
│   νd = 3.0
│   νm = 3.0
│   λ = 30.0
└   ite_max = 200
┌ Info: Tolerances:
│   restol = 6.055454452393343e-6
│   satol = 1.4901161193847656e-8
│   srtol = 1.4901161193847656e-8
│   oatol = 1.4901161193847656e-8
│   ortol = 6.055454452393343e-6
│   atol = 1.4901161193847656e-8
└   rtol = 6.055454452393343e-6
[ Info:   iter      f(x)        Δf     ‖Jᵀr‖         λ       ‖δ‖         ρ           status  
[ Info:      1   4.6e+05   0.0e+00   1.1e+10   3.0e+01   1.6e+00  -7.3e+00              rej
[ Info:      2   4.6e+05   0.0e+00   1.1e+10   9.0e+01   9.4e-01  -5.3e+00              rej
[ Info:      3   4.6e+05   0.0e+00   1.1e+10   2.7e+02   5.3e-01  -3.3e+00              rej
[ Info:      4   4.6e+05   0.0e+00   1.1e+10   8.1e+02   2.8e-01  -1.7e+00              rej
[ Info:      5   4.6e+05   0.0e+00   1.1e+10   2.4e+03   1.5e-01  -5.4e-01              rej
[ Info:      6   4.6e+05   0.0e+00   1.1e+10   7.3e+03   7.9e-02   2.1e-01              acc
[ Info:      7   4.0e+05   5.4e+04   8.1e+09   2.4e+03   1.1e-01   6.4e-01              acc
[ Info:      8   2.8e+05   1.3e+05   9.3e+09   8.1e+02   2.1e-01   2.6e-01              acc
[ Info:      9   2.6e+05   1.9e+04   1.8e+09   2.7e+02   3.7e-01   1.0e+00              acc
[ Info:     10   2.0e+05   5.4e+04   3.9e+08   3.0e+01   1.4e+00  -4.2e+02              rej
[ Info:     11   2.0e+05   5.4e+04   3.9e+08   9.0e+01   6.3e-01  -1.5e+02              rej
[ Info:     12   2.0e+05   5.4e+04   3.9e+08   2.7e+02   2.7e-01  -3.6e+01              rej
[ Info:     13   2.0e+05   5.4e+04   3.9e+08   8.1e+02   1.1e-01  -5.3e+00              rej
[ Info:     14   2.0e+05   5.4e+04   3.9e+08   2.4e+03   3.8e-02   2.7e-01              acc
[ Info:     15   2.0e+05   4.8e+01   9.0e+07   8.1e+02   1.0e-01   7.7e-01              acc
[ Info:     16   2.0e+05   1.0e+02   5.4e+07   2.7e+02   2.4e-01  -8.5e-01              rej
[ Info:     17   2.0e+05   1.0e+02   5.4e+07   8.1e+02   9.2e-02   9.4e-01              acc
[ Info:     18   2.0e+05   3.7e+01   2.1e+07   9.0e+01   5.6e-01  -1.9e+01              rej
[ Info:     19   2.0e+05   3.7e+01   2.1e+07   2.7e+02   2.3e-01  -1.1e+00              rej
[ Info:     20   2.0e+05   3.7e+01   2.1e+07   8.1e+02   8.5e-02   9.1e-01              acc
[ Info:     21   2.0e+05   7.5e+00   1.4e+07   9.0e+01   5.4e-01  -1.2e+01              rej
[ Info:     22   2.0e+05   7.5e+00   1.4e+07   2.7e+02   2.1e-01  -2.9e-01              rej
[ Info:     23   2.0e+05   7.5e+00   1.4e+07   8.1e+02   7.9e-02   9.5e-01              acc
[ Info:     24   2.0e+05   5.6e+00   1.0e+07   9.0e+01   5.2e-01  -8.1e+00              rej
[ Info:     25   2.0e+05   5.6e+00   1.0e+07   2.7e+02   2.0e-01   1.4e-01              acc
[ Info:     26   2.0e+05   1.7e+00   5.5e+07   9.0e+01   4.8e-01  -4.1e-01              rej
[ Info:     27   2.0e+05   1.7e+00   5.5e+07   2.7e+02   1.8e-01   9.6e-01              acc
[ Info:     28   2.0e+05   1.9e+01   3.0e+07   3.0e+01   1.1e+00  -6.8e+00              rej
[ Info:     29   2.0e+05   1.9e+01   3.0e+07   9.0e+01   4.5e-01  -5.2e-01              rej
[ Info:     30   2.0e+05   1.9e+01   3.0e+07   2.7e+02   1.7e-01   9.1e-01              acc
[ Info:     31   2.0e+05   7.8e+00   2.2e+07   3.0e+01   1.1e+00  -2.6e+00              rej
[ Info:     32   2.0e+05   7.8e+00   2.2e+07   9.0e+01   4.3e-01   3.4e-01              acc
[ Info:     33   2.0e+05   6.2e+00   9.0e+07   3.0e+01   1.0e+00   8.6e-01              acc
[ Info:     34   2.0e+05   4.0e+01   2.0e+08   1.0e+01   2.3e+00   9.8e-01              acc
[ Info:     35   2.0e+05   6.7e+01   2.5e+08   1.1e+00   1.0e+01  -2.8e+02              rej
[ Info:     36   2.0e+05   6.7e+01   2.5e+08   3.3e+00   4.9e+00  -1.0e+01              rej
[ Info:     37   2.0e+05   6.7e+01   2.5e+08   1.0e+01   2.0e+00   1.0e+00              acc
[ Info:     38   2.0e+05   4.8e+01   5.3e+07   1.1e+00   9.4e+00  -3.5e+02              rej
[ Info:     39   2.0e+05   4.8e+01   5.3e+07   3.3e+00   4.5e+00  -2.2e+01              rej
[ Info:     40   2.0e+05   4.8e+01   5.3e+07   1.0e+01   1.8e+00   8.8e-01              acc
[ Info:     41   2.0e+05   3.2e+01   3.1e+07   3.3e+00   4.1e+00  -1.6e+01              rej
[ Info:     42   2.0e+05   3.2e+01   3.1e+07   1.0e+01   1.7e+00   9.9e-01              acc
[ Info:     43   2.0e+05   3.6e+01   1.6e+07   1.1e+00   7.8e+00  -3.1e+02              rej
[ Info:     44   2.0e+05   3.6e+01   1.6e+07   3.3e+00   3.7e+00  -1.9e+01              rej
[ Info:     45   2.0e+05   3.6e+01   1.6e+07   1.0e+01   1.5e+00   8.9e-01              acc
[ Info:     46   2.0e+05   2.4e+01   2.3e+07   3.3e+00   3.3e+00  -1.6e+01              rej
[ Info:     47   2.0e+05   2.4e+01   2.3e+07   1.0e+01   1.3e+00   9.2e-01              acc
[ Info:     48   2.0e+05   2.3e+01   1.8e+07   1.1e+00   6.6e+00  -2.5e+02              rej
[ Info:     49   2.0e+05   2.3e+01   1.8e+07   3.3e+00   2.9e+00  -1.6e+01              rej
[ Info:     50   2.0e+05   2.3e+01   1.8e+07   1.0e+01   1.2e+00   8.7e-01              acc
[ Info:     51   2.0e+05   1.6e+01   1.8e+07   3.3e+00   2.7e+00  -1.3e+01              rej
[ Info:     52   2.0e+05   1.6e+01   1.8e+07   1.0e+01   1.0e+00   8.6e-01              acc
[ Info:     53   2.0e+05   1.2e+01   1.7e+07   3.3e+00   2.5e+00  -1.1e+01              rej
[ Info:     54   2.0e+05   1.2e+01   1.7e+07   1.0e+01   9.3e-01   8.7e-01              acc
[ Info:     55   2.0e+05   9.9e+00   1.5e+07   3.3e+00   2.4e+00  -8.7e+00              rej
[ Info:     56   2.0e+05   9.9e+00   1.5e+07   1.0e+01   8.7e-01   8.7e-01              acc
[ Info:     57   2.0e+05   8.3e+00   1.4e+07   3.3e+00   2.2e+00  -6.6e+00              rej
[ Info:     58   2.0e+05   8.3e+00   1.4e+07   1.0e+01   8.2e-01   8.9e-01              acc
[ Info:     59   2.0e+05   7.3e+00   1.3e+07   3.3e+00   2.1e+00  -5.2e+00              rej
[ Info:     60   2.0e+05   7.3e+00   1.3e+07   1.0e+01   7.8e-01   8.9e-01              acc
[ Info:     61   2.0e+05   6.4e+00   1.3e+07   3.3e+00   2.0e+00  -3.9e+00              rej
[ Info:     62   2.0e+05   6.4e+00   1.3e+07   1.0e+01   7.4e-01   8.8e-01              acc
[ Info:     63   2.0e+05   5.6e+00   1.3e+07   3.3e+00   1.9e+00  -3.0e+00              rej
[ Info:     64   2.0e+05   5.6e+00   1.3e+07   1.0e+01   7.1e-01   8.8e-01              acc
[ Info:     65   2.0e+05   5.3e+00   1.3e+07   3.3e+00   1.9e+00  -2.3e+00              rej
[ Info:     66   2.0e+05   5.3e+00   1.3e+07   1.0e+01   6.8e-01   8.1e-01              acc
[ Info:     67   2.0e+05   4.3e+00   1.3e+07   3.3e+00   1.8e+00  -1.7e+00              rej
[ Info:     68   2.0e+05   4.3e+00   1.3e+07   1.0e+01   6.5e-01   8.3e-01              acc
[ Info:     69   2.0e+05   4.7e+00   1.2e+07   3.3e+00   1.7e+00  -1.3e+00              rej
[ Info:     70   2.0e+05   4.7e+00   1.2e+07   1.0e+01   6.2e-01   8.4e-01              acc
[ Info:     71   2.0e+05   3.8e+00   1.3e+07   3.3e+00   1.7e+00  -1.1e+00              rej
[ Info:     72   2.0e+05   3.8e+00   1.3e+07   1.0e+01   6.0e-01   8.2e-01              acc
[ Info:     73   2.0e+05   3.8e+00   1.2e+07   3.3e+00   1.6e+00  -7.1e-01              rej
[ Info:     74   2.0e+05   3.8e+00   1.2e+07   1.0e+01   5.7e-01   7.3e-01              acc
[ Info:     75   2.0e+05   2.8e+00   1.2e+07   3.3e+00   1.5e+00  -5.3e-01              rej
[ Info:     76   2.0e+05   2.8e+00   1.2e+07   1.0e+01   5.5e-01   7.8e-01              acc
[ Info:     77   2.0e+05   3.5e+00   1.2e+07   3.3e+00   1.5e+00  -2.4e-01              rej
[ Info:     78   2.0e+05   3.5e+00   1.2e+07   1.0e+01   5.3e-01   8.2e-01              acc
[ Info:     79   2.0e+05   2.7e+00   1.2e+07   3.3e+00   1.4e+00  -2.9e-01              rej
[ Info:     80   2.0e+05   2.7e+00   1.2e+07   1.0e+01   5.1e-01   7.9e-01              acc
[ Info:     81   2.0e+05   2.7e+00   1.1e+07   3.3e+00   1.4e+00  -7.6e-02              rej
[ Info:     82   2.0e+05   2.7e+00   1.1e+07   1.0e+01   5.0e-01   6.2e-01              acc
[ Info:     83   2.0e+05   1.9e+00   1.1e+07   3.3e+00   1.3e+00   1.4e-02              acc
┌ Info: Generic Execution stats
│   status: solved to within acceptable tolerances
│   objective value: 203770.55948893644
│   primal feasibility: 0.0
│   dual feasibility: 8.729126235649239e7
│   solution: [1.4079600616710617  0.8773402692230123  -7.80012945378239  -0.6524648273412719 ⋯ 419.10125412090997]
│   iterations: 83
└   elapsed time: 3300.450707912445
┌ Info: FeasibilityResidual - Nonlinear least-squares defined from constraints of another problem
│   Problem name: LadyBug-1031-110968-feasres
│   Total variables………342183  Total constraints…0     
│     free………………………………342183    linear…………………………0     
│     lower……………………………0         nonlinear…………………0     
│     upper……………………………0         equality……………………0     
│     low/upp………………………0         lower……………………………0     
│     fixed……………………………0         upper……………………………0     
│     nnzh………………………………58544773836    low/upp………………………0     
│                               nnzj………………………………0     
│   Total residuals………1000530
│     linear…………………………0     
│     nonlinear…………………1000530
│     nnzj………………………………12006360
│     nnzh………………………………58544773836
│ 
│   Counters:
│     obj……………………………………0         grad…………………………………0         cons…………………………………0         jcon…………………………………0     
│     jgrad………………………………0         jac……………………………………0         jprod………………………………0         jtprod……………………………0     
│     hess…………………………………0         hprod………………………………0         jhprod……………………………0         residual………………………0     
│     jac_residual……………0         jprod_residual………0         jtprod_residual……0         hess_residual…………0     
└     jhess_residual………0         hprod_residual………0     
┌ Info: Parameters of the solver:
│   facto = :LDL
│   perm = :AMD
│   normalize = :None
│   linesearch = false
│   νd = 3.0f0
│   νm = 3.0f0
│   λ = 30.0f0
└   ite_max = 200
┌ Info: Tolerances:
│   restol = 0.0049215667f0
│   satol = 0.0001
│   srtol = 0.0001
│   oatol = 0.0001
│   ortol = 0.001
│   atol = 0.0001
└   rtol = 0.001
[ Info:   iter      f(x)        Δf     ‖Jᵀr‖         λ       ‖δ‖         ρ           status  
[ Info:      1       NaN       NaN       NaN       NaN       NaN       NaN              rej
[ Info:      2       NaN       NaN       NaN       NaN       NaN       NaN              rej
[ Info:      3       NaN       NaN       NaN       NaN       NaN       NaN              rej
[ Info:      4       NaN       NaN       NaN       NaN       NaN       NaN              rej
[ Info:      5       NaN       NaN       NaN       NaN       NaN       NaN              rej
[ Info:      6       NaN       NaN       NaN       NaN       NaN       NaN              rej
[ Info:      7       NaN       NaN       NaN       NaN       NaN       NaN              rej
[ Info:      8       NaN       NaN       NaN       NaN       NaN       NaN              rej
[ Info:      9       NaN       NaN       NaN       NaN       NaN       NaN              rej
[ Info:     10       NaN       NaN       NaN       NaN       NaN       NaN              rej
[ Info:     11       NaN       NaN       NaN       NaN       NaN       NaN              rej
[ Info:     12       NaN       NaN       NaN       NaN       NaN       NaN              rej
[ Info:     13       NaN       NaN       NaN       NaN       NaN       NaN              rej
[ Info:     14       NaN       NaN       NaN       NaN       NaN       NaN              rej
[ Info:     15       NaN       NaN       NaN       NaN       NaN       NaN              rej
[ Info:     16       NaN       NaN       NaN       NaN       NaN       NaN              rej
[ Info:     17       NaN       NaN       NaN       NaN       NaN       NaN              rej
[ Info:     18       NaN       NaN       NaN       NaN       NaN       NaN              rej
[ Info:     19       NaN       NaN       NaN       NaN       NaN       NaN              rej
[ Info:     20       NaN       NaN       NaN       NaN       NaN       NaN              rej
[ Info:     21       NaN       NaN       NaN       NaN       NaN       NaN              rej
[ Info:     22       NaN       NaN       NaN       NaN       NaN       NaN              rej
[ Info:     23       NaN       NaN       NaN       NaN       NaN       NaN              rej
[ Info:     24       NaN       NaN       NaN       NaN       NaN       NaN              rej
[ Info:     25       NaN       NaN       NaN       NaN       NaN       NaN              rej
[ Info:     26       NaN       NaN       NaN       NaN       NaN       NaN              rej
[ Info:     27       NaN       NaN       NaN       NaN       NaN       NaN              rej
[ Info:     28       NaN       NaN       NaN       NaN       NaN       NaN              rej
[ Info:     29       NaN       NaN       NaN       NaN       NaN       NaN              rej
[ Info:     30       NaN       NaN       NaN       NaN       NaN       NaN              rej
[ Info:     31       NaN       NaN       NaN       NaN       NaN       NaN              rej
[ Info:     32       NaN       NaN       NaN       NaN       NaN       NaN              rej
[ Info:     33       NaN       NaN       NaN       NaN       NaN       NaN              rej
[ Info:     34       NaN       NaN       NaN       NaN       NaN       NaN              rej
[ Info:     35       NaN       NaN       NaN       NaN       NaN       NaN              rej
[ Info:     36       NaN       NaN       NaN       NaN       NaN       NaN              rej
[ Info:     37       NaN       NaN       NaN       NaN       NaN       NaN              rej
[ Info:     38       NaN       NaN       NaN       NaN       NaN       NaN              rej
[ Info:     39       NaN       NaN       NaN       NaN       NaN       NaN              rej
[ Info:     40       NaN       NaN       NaN       NaN       NaN       NaN              rej
[ Info:     41       NaN       NaN       NaN       NaN       NaN       NaN              rej
[ Info:     42       NaN       NaN       NaN       NaN       NaN       NaN              rej
[ Info:     43       NaN       NaN       NaN       NaN       NaN       NaN              rej
[ Info:     44       NaN       NaN       NaN       NaN       NaN       NaN              rej
[ Info:     45       NaN       NaN       NaN       NaN       NaN       NaN              rej
[ Info:     46       NaN       NaN       NaN       NaN       NaN       NaN              rej
[ Info:     47       NaN       NaN       NaN       NaN       NaN       NaN              rej
[ Info:     48       NaN       NaN       NaN       NaN       NaN       NaN              rej
[ Info:     49       NaN       NaN       NaN       NaN       NaN       NaN              rej
[ Info:     50       NaN       NaN       NaN       NaN       NaN       NaN              rej
[ Info:     51       NaN       NaN       NaN       NaN       NaN       NaN              rej
[ Info:     52       NaN       NaN       NaN       NaN       NaN       NaN              rej
[ Info:     53       NaN       NaN       NaN       NaN       NaN       NaN              rej
[ Info:     54       NaN       NaN       NaN       NaN       NaN       NaN              rej
[ Info:     55       NaN       NaN       NaN       NaN       NaN       NaN              rej
[ Info:     56       NaN       NaN       NaN       NaN       NaN       NaN              rej
[ Info:     57       NaN       NaN       NaN       NaN       NaN       NaN              rej
[ Info:     58       NaN       NaN       NaN       NaN       NaN       NaN              rej
[ Info:     59       NaN       NaN       NaN       NaN       NaN       NaN              rej
[ Info:     60       NaN       NaN       NaN       NaN       NaN       NaN              rej
[ Info:     61       NaN       NaN       NaN       NaN       NaN       NaN              rej
[ Info:     62       NaN       NaN       NaN       NaN       NaN       NaN              rej
[ Info:     63       NaN       NaN       NaN       NaN       NaN       NaN              rej
[ Info:     64       NaN       NaN       NaN       NaN       NaN       NaN              rej
[ Info:     65       NaN       NaN       NaN       NaN       NaN       NaN              rej
[ Info:     66       NaN       NaN       NaN       NaN       NaN       NaN              rej
[ Info:     67       NaN       NaN       NaN       NaN       NaN       NaN              rej
[ Info:     68       NaN       NaN       NaN       NaN       NaN       NaN              rej
[ Info:     69       NaN       NaN       NaN       NaN       NaN       NaN              rej
[ Info:     70       NaN       NaN       NaN       NaN       NaN       NaN              rej
[ Info:     71       NaN       NaN       NaN       NaN       NaN       NaN              rej
[ Info:     72       NaN       NaN       NaN       NaN       NaN       NaN              rej
[ Info:     73       NaN       NaN       NaN       NaN       NaN       NaN              rej
[ Info:     74       NaN       NaN       NaN       NaN       NaN       NaN              rej
[ Info:     75       NaN       NaN       NaN       NaN       NaN       NaN              rej
[ Info:     76       NaN       NaN       NaN       NaN       NaN       NaN              rej
[ Info:     77       NaN       NaN       NaN       NaN       NaN       NaN              rej
[ Info:     78       NaN       NaN       NaN       NaN       NaN       NaN              rej
[ Info:     79       NaN       NaN       NaN       NaN       NaN       NaN              rej
[ Info:     80       NaN       NaN       NaN       NaN       NaN       NaN              rej
[ Info:     81       NaN       NaN       NaN       NaN       NaN       NaN              rej
[ Info:     82       NaN       NaN       NaN       NaN       NaN       NaN              rej
[ Info:     83       NaN       NaN       NaN       NaN       NaN       NaN              rej
[ Info:     84       NaN       NaN       NaN       NaN       NaN       NaN              rej
[ Info:     85       NaN       NaN       NaN       NaN       NaN       NaN              rej
[ Info:     86       NaN       NaN       NaN       NaN       NaN       NaN              rej
[ Info:     87       NaN       NaN       NaN       NaN       NaN       NaN              rej
[ Info:     88       NaN       NaN       NaN       NaN       NaN       NaN              rej
[ Info:     89       NaN       NaN       NaN       NaN       NaN       NaN              rej
[ Info:     90       NaN       NaN       NaN       NaN       NaN       NaN              rej
[ Info:     91       NaN       NaN       NaN       NaN       NaN       NaN              rej
[ Info:     92       NaN       NaN       NaN       NaN       NaN       NaN              rej
[ Info:     93       NaN       NaN       NaN       NaN       NaN       NaN              rej
[ Info:     94       NaN       NaN       NaN       NaN       NaN       NaN              rej
[ Info:     95       NaN       NaN       NaN       NaN       NaN       NaN              rej
[ Info:     96       NaN       NaN       NaN       NaN       NaN       NaN              rej
[ Info:     97       NaN       NaN       NaN       NaN       NaN       NaN              rej
[ Info:     98       NaN       NaN       NaN       NaN       NaN       NaN              rej
[ Info:     99       NaN       NaN       NaN       NaN       NaN       NaN              rej
[ Info:    100       NaN       NaN       NaN       NaN       NaN       NaN              rej
[ Info:    101       NaN       NaN       NaN       NaN       NaN       NaN              rej
[ Info:    102       NaN       NaN       NaN       NaN       NaN       NaN              rej
[ Info:    103       NaN       NaN       NaN       NaN       NaN       NaN              rej
[ Info:    104       NaN       NaN       NaN       NaN       NaN       NaN              rej
[ Info:    105       NaN       NaN       NaN       NaN       NaN       NaN              rej
[ Info:    106       NaN       NaN       NaN       NaN       NaN       NaN              rej
[ Info:    107       NaN       NaN       NaN       NaN       NaN       NaN              rej
[ Info:    108       NaN       NaN       NaN       NaN       NaN       NaN              rej
[ Info:    109       NaN       NaN       NaN       NaN       NaN       NaN              rej
[ Info:    110       NaN       NaN       NaN       NaN       NaN       NaN              rej
[ Info:    111       NaN       NaN       NaN       NaN       NaN       NaN              rej
[ Info:    112       NaN       NaN       NaN       NaN       NaN       NaN              rej
[ Info:    113       NaN       NaN       NaN       NaN       NaN       NaN              rej
[ Info:    114       NaN       NaN       NaN       NaN       NaN       NaN              rej
[ Info:    115       NaN       NaN       NaN       NaN       NaN       NaN              rej
[ Info:    116       NaN       NaN       NaN       NaN       NaN       NaN              rej
[ Info:    117       NaN       NaN       NaN       NaN       NaN       NaN              rej
[ Info:    118       NaN       NaN       NaN       NaN       NaN       NaN              rej
[ Info:    119       NaN       NaN       NaN       NaN       NaN       NaN              rej
[ Info:    120       NaN       NaN       NaN       NaN       NaN       NaN              rej
[ Info:    121       NaN       NaN       NaN       NaN       NaN       NaN              rej
[ Info:    122       NaN       NaN       NaN       NaN       NaN       NaN              rej
[ Info:    123       NaN       NaN       NaN       NaN       NaN       NaN              rej
[ Info:    124       NaN       NaN       NaN       NaN       NaN       NaN              rej
[ Info:    125       NaN       NaN       NaN       NaN       NaN       NaN              rej
[ Info:    126       NaN       NaN       NaN       NaN       NaN       NaN              rej
[ Info:    127       NaN       NaN       NaN       NaN       NaN       NaN              rej
[ Info:    128       NaN       NaN       NaN       NaN       NaN       NaN              rej
[ Info:    129       NaN       NaN       NaN       NaN       NaN       NaN              rej
[ Info:    130       NaN       NaN       NaN       NaN       NaN       NaN              rej
[ Info:    131       NaN       NaN       NaN       NaN       NaN       NaN              rej
[ Info:    132       NaN       NaN       NaN       NaN       NaN       NaN              rej
[ Info:    133       NaN       NaN       NaN       NaN       NaN       NaN              rej
[ Info:    134       NaN       NaN       NaN       NaN       NaN       NaN              rej
[ Info:    135       NaN       NaN       NaN       NaN       NaN       NaN              rej
[ Info:    136       NaN       NaN       NaN       NaN       NaN       NaN              rej
[ Info:    137       NaN       NaN       NaN       NaN       NaN       NaN              rej
[ Info:    138       NaN       NaN       NaN       NaN       NaN       NaN              rej
[ Info:    139       NaN       NaN       NaN       NaN       NaN       NaN              rej
[ Info:    140       NaN       NaN       NaN       NaN       NaN       NaN              rej
[ Info:    141       NaN       NaN       NaN       NaN       NaN       NaN              rej
[ Info:    142       NaN       NaN       NaN       NaN       NaN       NaN              rej
[ Info:    143       NaN       NaN       NaN       NaN       NaN       NaN              rej
[ Info:    144       NaN       NaN       NaN       NaN       NaN       NaN              rej
[ Info:    145       NaN       NaN       NaN       NaN       NaN       NaN              rej
[ Info:    146       NaN       NaN       NaN       NaN       NaN       NaN              rej
[ Info:    147       NaN       NaN       NaN       NaN       NaN       NaN              rej
[ Info:    148       NaN       NaN       NaN       NaN       NaN       NaN              rej
[ Info:    149       NaN       NaN       NaN       NaN       NaN       NaN              rej
[ Info:    150       NaN       NaN       NaN       NaN       NaN       NaN              rej
[ Info:    151       NaN       NaN       NaN       NaN       NaN       NaN              rej
[ Info:    152       NaN       NaN       NaN       NaN       NaN       NaN              rej
[ Info:    153       NaN       NaN       NaN       NaN       NaN       NaN              rej
[ Info:    154       NaN       NaN       NaN       NaN       NaN       NaN              rej
[ Info:    155       NaN       NaN       NaN       NaN       NaN       NaN              rej
[ Info:    156       NaN       NaN       NaN       NaN       NaN       NaN              rej
[ Info:    157       NaN       NaN       NaN       NaN       NaN       NaN              rej
[ Info:    158       NaN       NaN       NaN       NaN       NaN       NaN              rej
[ Info:    159       NaN       NaN       NaN       NaN       NaN       NaN              rej
[ Info:    160       NaN       NaN       NaN       NaN       NaN       NaN              rej
[ Info:    161       NaN       NaN       NaN       NaN       NaN       NaN              rej
[ Info:    162       NaN       NaN       NaN       NaN       NaN       NaN              rej
[ Info:    163       NaN       NaN       NaN       NaN       NaN       NaN              rej
[ Info:    164       NaN       NaN       NaN       NaN       NaN       NaN              rej
[ Info:    165       NaN       NaN       NaN       NaN       NaN       NaN              rej
[ Info:    166       NaN       NaN       NaN       NaN       NaN       NaN              rej
[ Info:    167       NaN       NaN       NaN       NaN       NaN       NaN              rej
[ Info:    168       NaN       NaN       NaN       NaN       NaN       NaN              rej
[ Info:    169       NaN       NaN       NaN       NaN       NaN       NaN              rej
[ Info:    170       NaN       NaN       NaN       NaN       NaN       NaN              rej
[ Info:    171       NaN       NaN       NaN       NaN       NaN       NaN              rej
[ Info:    172       NaN       NaN       NaN       NaN       NaN       NaN              rej
[ Info:    173       NaN       NaN       NaN       NaN       NaN       NaN              rej
[ Info:    174       NaN       NaN       NaN       NaN       NaN       NaN              rej
[ Info:    175       NaN       NaN       NaN       NaN       NaN       NaN              rej
[ Info:    176       NaN       NaN       NaN       NaN       NaN       NaN              rej
[ Info:    177       NaN       NaN       NaN       NaN       NaN       NaN              rej
[ Info:    178       NaN       NaN       NaN       NaN       NaN       NaN              rej
[ Info:    179       NaN       NaN       NaN       NaN       NaN       NaN              rej
[ Info:    180       NaN       NaN       NaN       NaN       NaN       NaN              rej
[ Info:    181       NaN       NaN       NaN       NaN       NaN       NaN              rej
[ Info:    182       NaN       NaN       NaN       NaN       NaN       NaN              rej
[ Info:    183       NaN       NaN       NaN       NaN       NaN       NaN              rej
[ Info:    184       NaN       NaN       NaN       NaN       NaN       NaN              rej
[ Info:    185       NaN       NaN       NaN       NaN       NaN       NaN              rej
[ Info:    186       NaN       NaN       NaN       NaN       NaN       NaN              rej
[ Info:    187       NaN       NaN       NaN       NaN       NaN       NaN              rej
[ Info:    188       NaN       NaN       NaN       NaN       NaN       NaN              rej
[ Info:    189       NaN       NaN       NaN       NaN       NaN       NaN              rej
[ Info:    190       NaN       NaN       NaN       NaN       NaN       NaN              rej
[ Info:    191       NaN       NaN       NaN       NaN       NaN       NaN              rej
[ Info:    192       NaN       NaN       NaN       NaN       NaN       NaN              rej
[ Info:    193       NaN       NaN       NaN       NaN       NaN       NaN              rej
[ Info:    194       NaN       NaN       NaN       NaN       NaN       NaN              rej
[ Info:    195       NaN       NaN       NaN       NaN       NaN       NaN              rej
[ Info:    196       NaN       NaN       NaN       NaN       NaN       NaN              rej
[ Info:    197       NaN       NaN       NaN       NaN       NaN       NaN              rej
[ Info:    198       NaN       NaN       NaN       NaN       NaN       NaN              rej
[ Info:    199       NaN       NaN       NaN       NaN       NaN       NaN              rej
[ Info:    200       NaN       NaN       NaN       NaN       NaN       NaN              rej
[ Info:    201       NaN       NaN       NaN       NaN       NaN       NaN              rej
┌ Info: Generic Execution stats
│   status: maximum iteration
│   objective value: NaN
│   primal feasibility: 0.0
│   dual feasibility: NaN
│   solution: [1.3573762f0  0.88029844f0  -7.7692723f0  -0.6956272f0 ⋯ 381.26154]
│   iterations: 201
└   elapsed time: 8922.781336784363
┌ Info: FeasibilityResidual - Nonlinear least-squares defined from constraints of another problem
│   Problem name: LadyBug-1031-110968-feasres
│   Total variables………342183  Total constraints…0     
│     free………………………………342183    linear…………………………0     
│     lower……………………………0         nonlinear…………………0     
│     upper……………………………0         equality……………………0     
│     low/upp………………………0         lower……………………………0     
│     fixed……………………………0         upper……………………………0     
│     nnzh………………………………58544773836    low/upp………………………0     
│                               nnzj………………………………0     
│   Total residuals………1000530
│     linear…………………………0     
│     nonlinear…………………1000530
│     nnzj………………………………12006360
│     nnzh………………………………58544773836
│ 
│   Counters:
│     obj……………………………………0         grad…………………………………0         cons…………………………………0         jcon…………………………………0     
│     jgrad………………………………0         jac……………………………………0         jprod………………………………0         jtprod……………………………0     
│     hess…………………………………0         hprod………………………………0         jhprod……………………………0         residual………………………202   
│     jac_residual……………1         jprod_residual………0         jtprod_residual……0         hess_residual…………0     
└     jhess_residual………0         hprod_residual………0     
┌ Info: Parameters of the solver:
│   facto = :LDL
│   perm = :AMD
│   normalize = :None
│   linesearch = false
│   νd = 3.0
│   νm = 3.0
│   λ = 30.0
└   ite_max = 200
┌ Info: Tolerances:
│   restol = 6.055454452393343e-6
│   satol = 1.4901161193847656e-8
│   srtol = 1.4901161193847656e-8
│   oatol = 1.4901161193847656e-8
│   ortol = 6.055454452393343e-6
│   atol = 1.4901161193847656e-8
└   rtol = 6.055454452393343e-6
[ Info:   iter      f(x)        Δf     ‖Jᵀr‖         λ       ‖δ‖         ρ           status  
